Log file open, 02/23/21 23:04:07
LogConsoleResponse: Display: Failed to find resolution value strings in scalability ini. Falling back to default.
LogPakFile: Registered encryption key '00000000000000000000000000000000': 0 pak files mounted, 0 remain pending
LogPakFile: Display: Found Pak file ../../../FactoryGame/Content/Paks/FactoryGame-WindowsNoEditor.pak attempting to mount.
LogPakFile: Display: Mounting pak file ../../../FactoryGame/Content/Paks/FactoryGame-WindowsNoEditor.pak.
LogPlatformFile: Not using cached read wrapper
LogTaskGraph: Started task graph with 4 named threads and 19 total threads with 3 sets of task threads.
LogD3D11RHI: Loaded GFSDK_Aftermath_Lib.x64.dll
LogICUInternationalization: ICU TimeZone Detection - Raw Offset: -5:00, Platform Override: ''
LogPluginManager: Mounting plugin ReplicationGraph
LogPluginManager: Mounting plugin Wwise
LogPluginManager: Mounting plugin MatineeToLevelSequence
LogPluginManager: Mounting plugin ApexDestruction
LogPluginManager: Mounting plugin BlueprintStats
LogPluginManager: Mounting plugin OnlineFramework
LogPluginManager: Mounting plugin OnlineSubsystem
LogPluginManager: Mounting plugin OnlineSubsystemUtils
LogPluginManager: Mounting plugin Composure
LogPluginManager: Mounting plugin LensDistortion
LogPluginManager: Mounting plugin BlueprintMaterialTextureNodes
LogPluginManager: Mounting plugin MediaIOFramework
LogPluginManager: Mounting plugin OpenColorIO
LogPluginManager: Mounting plugin WindowsDeviceProfileSelector
LogPluginManager: Mounting plugin SteamController
LogPluginManager: Mounting plugin RawInput
LogPluginManager: Mounting plugin MfMedia
LogPluginManager: Mounting plugin OnlineSubsystemSteam
LogPluginManager: Mounting plugin OnlineSubsystemEOS
LogPluginManager: Mounting plugin SignificanceManager
LogPluginManager: Mounting plugin PythonScriptPlugin
LogPluginManager: Mounting plugin EditorScriptingUtilities
LogPluginManager: Mounting plugin EditorTests
LogPluginManager: Mounting plugin FbxAutomationTestBuilder
LogPluginManager: Mounting plugin FunctionalTestingEditor
LogPluginManager: Mounting plugin RuntimeTests
LogPluginManager: Mounting plugin ScreenshotTools
LogPluginManager: Mounting plugin CSSEditorToolsExtension
LogPluginManager: Mounting plugin Paper2D
LogPluginManager: Mounting plugin AISupport
LogPluginManager: Mounting plugin LightPropagationVolume
LogPluginManager: Mounting plugin AnimationSharing
LogPluginManager: Mounting plugin AssetManagerEditor
LogPluginManager: Mounting plugin CryptoKeys
LogPluginManager: Mounting plugin FacialAnimation
LogPluginManager: Mounting plugin DatasmithContent
LogPluginManager: Mounting plugin VariantManagerContent
LogPluginManager: Mounting plugin AlembicImporter
LogPluginManager: Mounting plugin GeometryCache
LogPluginManager: Mounting plugin AppleImageUtils
LogPluginManager: Mounting plugin AppleVision
LogPluginManager: Mounting plugin BackChannel
LogPluginManager: Mounting plugin CharacterAI
LogPluginManager: Mounting plugin ImgMedia
LogPluginManager: Mounting plugin LinearTimecode
LogPluginManager: Mounting plugin MediaCompositing
LogPluginManager: Mounting plugin WmfMedia
LogPluginManager: Mounting plugin TcpMessaging
LogPluginManager: Mounting plugin UdpMessaging
LogPluginManager: Mounting plugin ActorSequence
LogPluginManager: Mounting plugin NetcodeUnitTest
LogPluginManager: Mounting plugin OnlineSubsystemNull
LogPluginManager: Mounting plugin LauncherChunkInstaller
LogPluginManager: Mounting plugin AudioCapture
LogPluginManager: Mounting plugin CableComponent
LogPluginManager: Mounting plugin CustomMeshComponent
LogPluginManager: Mounting plugin EditableMesh
LogPluginManager: Mounting plugin ExampleDeviceProfileSelector
LogPluginManager: Mounting plugin PhysXVehicles
LogPluginManager: Mounting plugin ProceduralMeshComponent
LogPluginManager: Mounting plugin RuntimePhysXCooking
LogPluginManager: Mounting plugin WebMMoviePlayer
LogPluginManager: Mounting plugin WebMMedia
LogPluginManager: Mounting plugin WindowsMoviePlayer
LogInit: Using libcurl 7.55.1-DEV
LogInit:  - built for x86_64-pc-win32
LogInit:  - supports SSL with OpenSSL/1.1.1
LogInit:  - supports HTTP deflate (compression) using libz 1.2.8
LogInit:  - other features:
LogInit:      CURL_VERSION_SSL
LogInit:      CURL_VERSION_LIBZ
LogInit:      CURL_VERSION_IPV6
LogInit:      CURL_VERSION_ASYNCHDNS
LogInit:      CURL_VERSION_LARGEFILE
LogInit:      CURL_VERSION_IDN
LogInit:  CurlRequestOptions (configurable via config and command line):
LogInit:  - bVerifyPeer = true  - Libcurl will verify peer certificate
LogInit:  - bUseHttpProxy = false  - Libcurl will NOT use HTTP proxy
LogInit:  - bDontReuseConnections = false  - Libcurl will reuse connections
LogInit:  - MaxHostConnections = 16  - Libcurl will limit the number of connections to a host
LogInit:  - LocalHostAddr = Default
LogInit:  - BufferSize = 65536
LogInit: WinSock: version 1.1 (2.2), MaxSocks=32767, MaxUdp=65467
LogOnline: OSS: FOnlineSubsystemEOS: Init success.
LogOnline: Display: STEAM: Loading Steam SDK 1.39
LogOnline: STEAM: Steam User is subscribed 1
LogOnline: STEAM: [AppId: 526870] Client API initialized 1
LogOnline: STEAM: [AppId: 526870] Game Server API initialized 1
LogOnline: STEAM: Missing P2PCleanupTimeout key in OnlineSubsystemSteam of DefaultEngine.ini, using default
LogInit: Build: ++FactoryGame+rel-main-0.3.7-xmas-CL-140083
LogInit: Engine Version: 4.22.3-140083+++FactoryGame+rel-main-0.3.7-xmas
LogInit: Compatible Engine Version: 4.22.0-5660361+++FactoryGame+rel-main-0.3.7-xmas
LogInit: Net CL: 5660361
LogInit: OS: Windows 10 (Release 2004) (), CPU: Intel(R) Core(TM) i5-8400 CPU @ 2.80GHz, GPU: AMD Radeon RX 5600 XT
LogInit: Compiled (64-bit): Dec  7 2020 16:06:42
LogInit: Compiled with Visual C++: 19.16.27038.00
LogInit: Build Configuration: Shipping
LogInit: Branch Name: ++FactoryGame+rel-main-0.3.7-xmas
LogInit: Command Line:  -NO_EOS_OVERLAY
LogInit: Base Directory: D:/SteamLibrary/steamapps/common/Satisfactory/FactoryGame/Binaries/Win64/
LogInit: Installed Engine Build: 1
LogInit: Launcher File: D:/SteamLibrary/steamapps/common/Satisfactory/launcher_id
LogInit: Launcher ID: steam
LogInit: Launcher Artifact: 
LogInit: Presizing for max 2097152 objects, including 1 objects not considered by GC, pre-allocating 0 bytes for permanent pool.
LogStreaming: Display: Async Loading initialized: Event Driven Loader: true, Async Loading Thread: true, Async Post Load: true
LogInit: Object subsystem initialized
[2021.02.24-04.04.08:334][  0]LogInit: Selected Device Profile: [WindowsNoEditor]
[2021.02.24-04.04.08:334][  0]LogInit: Applying CVar settings loaded from the selected device profile: [WindowsNoEditor]
[2021.02.24-04.04.08:339][  0]LogHAL: Display: Platform has ~ 16 GB [17132810240 / 17179869184 / 16], which maps to Larger [LargestMinGB=32, LargerMinGB=12, DefaultMinGB=8, SmallerMinGB=6, SmallestMinGB=0)
[2021.02.24-04.04.08:339][  0]LogInit: Going up to parent DeviceProfile [Windows]
[2021.02.24-04.04.08:339][  0]LogInit: Going up to parent DeviceProfile []
[2021.02.24-04.04.08:339][  0]LogInit: Computer: DESKTOP-D8RNASU
[2021.02.24-04.04.08:339][  0]LogInit: User: r2bry
[2021.02.24-04.04.08:339][  0]LogInit: CPU Page size=4096, Cores=6
[2021.02.24-04.04.08:339][  0]LogInit: High frequency timer resolution =10.000000 MHz
[2021.02.24-04.04.08:339][  0]LogMemory: Memory total: Physical=16.0GB (16GB approx)
[2021.02.24-04.04.08:339][  0]LogMemory: Platform Memory Stats for WindowsNoEditor
[2021.02.24-04.04.08:339][  0]LogMemory: Process Physical Memory: 111.00 MB used, 111.00 MB peak
[2021.02.24-04.04.08:339][  0]LogMemory: Process Virtual Memory: 111.05 MB used, 111.05 MB peak
[2021.02.24-04.04.08:339][  0]LogMemory: Physical Memory: 6619.20 MB used,  9719.93 MB free, 16339.12 MB total
[2021.02.24-04.04.08:339][  0]LogMemory: Virtual Memory: 4585.79 MB used,  134213144.00 MB free, 134217728.00 MB total
[2021.02.24-04.04.08:361][  0]LogInit: Overriding language with engine culture configuration option (en-US-Posix).
[2021.02.24-04.04.08:361][  0]LogInit: Overriding locale with engine culture configuration option (en-US-Posix).
[2021.02.24-04.04.08:364][  0]LogTextLocalizationResource: LocRes '../../../Engine/Content/Localization/Engine/en-US-POSIX/Engine.locres' could not be opened for reading!
[2021.02.24-04.04.08:364][  0]LogTextLocalizationResource: LocRes '../../../Engine/Plugins/Online/OnlineFramework/Content/Localization/OnlineFramework/en-US-POSIX/OnlineFramework.locres' could not be opened for reading!
[2021.02.24-04.04.08:364][  0]LogTextLocalizationResource: LocRes '../../../Engine/Plugins/Online/OnlineSubsystem/Content/Localization/OnlineSubsystem/en-US-POSIX/OnlineSubsystem.locres' could not be opened for reading!
[2021.02.24-04.04.08:364][  0]LogTextLocalizationResource: LocRes '../../../Engine/Plugins/Online/OnlineSubsystemUtils/Content/Localization/OnlineSubsystemUtils/en-US-POSIX/OnlineSubsystemUtils.locres' could not be opened for reading!
[2021.02.24-04.04.08:364][  0]LogTextLocalizationResource: LocRes '../../../Engine/Plugins/Online/OnlineSubsystemSteam/Content/Localization/OnlineSubsystemSteam/en-US-POSIX/OnlineSubsystemSteam.locres' could not be opened for reading!
[2021.02.24-04.04.08:416][  0]LogSlate: New Slate User Created.  User Index 0, Is Virtual User: 0
[2021.02.24-04.04.08:416][  0]LogSlate: Slate User Registered.  User Index 0, Is Virtual User: 0
[2021.02.24-04.04.08:445][  0]LogD3D11RHI: D3D11 adapters:
[2021.02.24-04.04.08:486][  0]LogOnline: Warning: STEAM: Failed to obtain steam user stats, user: (STEAM)UnboundedAtlas [0x14EC89E8200] has no stats entries
[2021.02.24-04.04.08:486][  0]LogD3D11RHI:    0. 'AMD Radeon RX 5600 XT' (Feature Level 11_0)
[2021.02.24-04.04.08:486][  0]LogD3D11RHI:       6104/0/8169 MB DedicatedVideo/DedicatedSystem/SharedSystem, Outputs:2, VendorId:0x1002
[2021.02.24-04.04.08:490][  0]LogD3D11RHI:    1. 'Microsoft Basic Render Driver' (Feature Level 11_0)
[2021.02.24-04.04.08:490][  0]LogD3D11RHI:       0/0/8169 MB DedicatedVideo/DedicatedSystem/SharedSystem, Outputs:0, VendorId:0x1414
[2021.02.24-04.04.08:490][  0]LogD3D11RHI: Chosen D3D11 Adapter: 0
[2021.02.24-04.04.08:498][  0]LogD3D11RHI: Creating new Direct3DDevice
[2021.02.24-04.04.08:498][  0]LogD3D11RHI:     GPU DeviceId: 0x731f (for the marketing name, search the web for "GPU Device Id")
[2021.02.24-04.04.08:499][  0]LogWindows: EnumDisplayDevices:
[2021.02.24-04.04.08:499][  0]LogWindows:    0. 'AMD Radeon RX 5600 XT' (P:1 D:1)
[2021.02.24-04.04.08:499][  0]LogWindows:    1. 'AMD Radeon RX 5600 XT' (P:0 D:1)
[2021.02.24-04.04.08:500][  0]LogWindows:    2. 'AMD Radeon RX 5600 XT' (P:0 D:0)
[2021.02.24-04.04.08:500][  0]LogWindows:    3. 'AMD Radeon RX 5600 XT' (P:0 D:0)
[2021.02.24-04.04.08:501][  0]LogWindows:    4. 'AMD Radeon RX 5600 XT' (P:0 D:0)
[2021.02.24-04.04.08:501][  0]LogWindows:    5. 'AMD Radeon RX 5600 XT' (P:0 D:0)
[2021.02.24-04.04.08:502][  0]LogWindows:    6. 'AMD Radeon RX 5600 XT' (P:0 D:0)
[2021.02.24-04.04.08:502][  0]LogWindows:    7. 'AMD Radeon RX 5600 XT' (P:0 D:0)
[2021.02.24-04.04.08:503][  0]LogWindows: DebugString: FoundDriverCount:8 
[2021.02.24-04.04.08:503][  0]LogD3D11RHI:     Adapter Name: AMD Radeon RX 5600 XT
[2021.02.24-04.04.08:503][  0]LogD3D11RHI:   Driver Version: Adrenalin 2020 20.8.2 (internal:27.20.2001.16003, unified:27.20.2001.16003)
[2021.02.24-04.04.08:503][  0]LogD3D11RHI:      Driver Date: 8-11-2020
[2021.02.24-04.04.08:503][  0]LogRHI: Texture pool is 4272 MB (70% of 6104 MB)
[2021.02.24-04.04.08:763][  0]LogD3D11RHI: Async texture creation enabled
[2021.02.24-04.04.08:771][  0]LogRendererCore: FGlobalReadBuffer::InitRHI
[2021.02.24-04.04.08:771][  0]LogRendererCore: FGlobalReadBuffer::InitRHI
[2021.02.24-04.04.08:771][  0]LogRendererCore: FGlobalReadBuffer::InitRHI
[2021.02.24-04.04.08:779][  0]LogD3D11RHI: GPU Timing Frequency: 100.000000 (Debug: 2 1)
[2021.02.24-04.04.08:780][  0]LogShaderLibrary: Display: Failed to load Shared Shader Library: Global and no native library supported.
[2021.02.24-04.04.08:781][  0]LogShaderLibrary: Display: Failed to load Shared Shader Library: Wwise and no native library supported.
[2021.02.24-04.04.08:781][  0]LogShaderLibrary: Display: Failed to load Shared Shader Library: Wwise_SC and no native library supported.
[2021.02.24-04.04.08:781][  0]LogShaderLibrary: Display: Failed to load Shared Shader Library: Wwise and no native library supported.
[2021.02.24-04.04.08:781][  0]LogShaderLibrary: Display: Failed to load Shared Shader Library: Wwise_SC and no native library supported.
[2021.02.24-04.04.08:781][  0]LogShaderLibrary: Display: Failed to load Shared Shader Library: Composure and no native library supported.
[2021.02.24-04.04.08:781][  0]LogShaderLibrary: Display: Failed to load Shared Shader Library: Composure_SC and no native library supported.
[2021.02.24-04.04.08:781][  0]LogShaderLibrary: Display: Failed to load Shared Shader Library: Composure and no native library supported.
[2021.02.24-04.04.08:781][  0]LogShaderLibrary: Display: Failed to load Shared Shader Library: Composure_SC and no native library supported.
[2021.02.24-04.04.08:781][  0]LogShaderLibrary: Display: Failed to load Shared Shader Library: LensDistortion and no native library supported.
[2021.02.24-04.04.08:781][  0]LogShaderLibrary: Display: Failed to load Shared Shader Library: LensDistortion_SC and no native library supported.
[2021.02.24-04.04.08:781][  0]LogShaderLibrary: Display: Failed to load Shared Shader Library: LensDistortion and no native library supported.
[2021.02.24-04.04.08:781][  0]LogShaderLibrary: Display: Failed to load Shared Shader Library: LensDistortion_SC and no native library supported.
[2021.02.24-04.04.08:781][  0]LogShaderLibrary: Display: Failed to load Shared Shader Library: BlueprintMaterialTextureNodes and no native library supported.
[2021.02.24-04.04.08:781][  0]LogShaderLibrary: Display: Failed to load Shared Shader Library: BlueprintMaterialTextureNodes_SC and no native library supported.
[2021.02.24-04.04.08:781][  0]LogShaderLibrary: Display: Failed to load Shared Shader Library: BlueprintMaterialTextureNodes and no native library supported.
[2021.02.24-04.04.08:782][  0]LogShaderLibrary: Display: Failed to load Shared Shader Library: BlueprintMaterialTextureNodes_SC and no native library supported.
[2021.02.24-04.04.08:782][  0]LogShaderLibrary: Display: Failed to load Shared Shader Library: OpenColorIO and no native library supported.
[2021.02.24-04.04.08:782][  0]LogShaderLibrary: Display: Failed to load Shared Shader Library: OpenColorIO_SC and no native library supported.
[2021.02.24-04.04.08:782][  0]LogShaderLibrary: Display: Failed to load Shared Shader Library: OpenColorIO and no native library supported.
[2021.02.24-04.04.08:782][  0]LogShaderLibrary: Display: Failed to load Shared Shader Library: OpenColorIO_SC and no native library supported.
[2021.02.24-04.04.08:782][  0]LogShaderLibrary: Display: Failed to load Shared Shader Library: PythonScriptPlugin and no native library supported.
[2021.02.24-04.04.08:782][  0]LogShaderLibrary: Display: Failed to load Shared Shader Library: PythonScriptPlugin_SC and no native library supported.
[2021.02.24-04.04.08:782][  0]LogShaderLibrary: Display: Failed to load Shared Shader Library: PythonScriptPlugin and no native library supported.
[2021.02.24-04.04.08:782][  0]LogShaderLibrary: Display: Failed to load Shared Shader Library: PythonScriptPlugin_SC and no native library supported.
[2021.02.24-04.04.08:782][  0]LogShaderLibrary: Display: Failed to load Shared Shader Library: EditorTests and no native library supported.
[2021.02.24-04.04.08:782][  0]LogShaderLibrary: Display: Failed to load Shared Shader Library: EditorTests_SC and no native library supported.
[2021.02.24-04.04.08:782][  0]LogShaderLibrary: Display: Failed to load Shared Shader Library: EditorTests and no native library supported.
[2021.02.24-04.04.08:782][  0]LogShaderLibrary: Display: Failed to load Shared Shader Library: EditorTests_SC and no native library supported.
[2021.02.24-04.04.08:782][  0]LogShaderLibrary: Display: Failed to load Shared Shader Library: RuntimeTests and no native library supported.
[2021.02.24-04.04.08:782][  0]LogShaderLibrary: Display: Failed to load Shared Shader Library: RuntimeTests_SC and no native library supported.
[2021.02.24-04.04.08:782][  0]LogShaderLibrary: Display: Failed to load Shared Shader Library: RuntimeTests and no native library supported.
[2021.02.24-04.04.08:782][  0]LogShaderLibrary: Display: Failed to load Shared Shader Library: RuntimeTests_SC and no native library supported.
[2021.02.24-04.04.08:782][  0]LogShaderLibrary: Display: Failed to load Shared Shader Library: CSSEditorToolsExtension and no native library supported.
[2021.02.24-04.04.08:782][  0]LogShaderLibrary: Display: Failed to load Shared Shader Library: CSSEditorToolsExtension_SC and no native library supported.
[2021.02.24-04.04.08:783][  0]LogShaderLibrary: Display: Failed to load Shared Shader Library: CSSEditorToolsExtension and no native library supported.
[2021.02.24-04.04.08:783][  0]LogShaderLibrary: Display: Failed to load Shared Shader Library: CSSEditorToolsExtension_SC and no native library supported.
[2021.02.24-04.04.08:783][  0]LogShaderLibrary: Display: Failed to load Shared Shader Library: Paper2D and no native library supported.
[2021.02.24-04.04.08:783][  0]LogShaderLibrary: Display: Failed to load Shared Shader Library: Paper2D_SC and no native library supported.
[2021.02.24-04.04.08:783][  0]LogShaderLibrary: Display: Failed to load Shared Shader Library: Paper2D and no native library supported.
[2021.02.24-04.04.08:783][  0]LogShaderLibrary: Display: Failed to load Shared Shader Library: Paper2D_SC and no native library supported.
[2021.02.24-04.04.08:783][  0]LogShaderLibrary: Display: Failed to load Shared Shader Library: AnimationSharing and no native library supported.
[2021.02.24-04.04.08:783][  0]LogShaderLibrary: Display: Failed to load Shared Shader Library: AnimationSharing_SC and no native library supported.
[2021.02.24-04.04.08:783][  0]LogShaderLibrary: Display: Failed to load Shared Shader Library: AnimationSharing and no native library supported.
[2021.02.24-04.04.08:783][  0]LogShaderLibrary: Display: Failed to load Shared Shader Library: AnimationSharing_SC and no native library supported.
[2021.02.24-04.04.08:783][  0]LogShaderLibrary: Display: Failed to load Shared Shader Library: CryptoKeys and no native library supported.
[2021.02.24-04.04.08:783][  0]LogShaderLibrary: Display: Failed to load Shared Shader Library: CryptoKeys_SC and no native library supported.
[2021.02.24-04.04.08:783][  0]LogShaderLibrary: Display: Failed to load Shared Shader Library: CryptoKeys and no native library supported.
[2021.02.24-04.04.08:783][  0]LogShaderLibrary: Display: Failed to load Shared Shader Library: CryptoKeys_SC and no native library supported.
[2021.02.24-04.04.08:784][  0]LogShaderLibrary: Display: Failed to load Shared Shader Library: DatasmithContent and no native library supported.
[2021.02.24-04.04.08:784][  0]LogShaderLibrary: Display: Failed to load Shared Shader Library: DatasmithContent_SC and no native library supported.
[2021.02.24-04.04.08:784][  0]LogShaderLibrary: Display: Failed to load Shared Shader Library: DatasmithContent and no native library supported.
[2021.02.24-04.04.08:784][  0]LogShaderLibrary: Display: Failed to load Shared Shader Library: DatasmithContent_SC and no native library supported.
[2021.02.24-04.04.08:784][  0]LogShaderLibrary: Display: Failed to load Shared Shader Library: MediaCompositing and no native library supported.
[2021.02.24-04.04.08:784][  0]LogShaderLibrary: Display: Failed to load Shared Shader Library: MediaCompositing_SC and no native library supported.
[2021.02.24-04.04.08:784][  0]LogShaderLibrary: Display: Failed to load Shared Shader Library: MediaCompositing and no native library supported.
[2021.02.24-04.04.08:784][  0]LogShaderLibrary: Display: Failed to load Shared Shader Library: MediaCompositing_SC and no native library supported.
[2021.02.24-04.04.08:796][  0]LogMaterial: Verifying Global Shaders for PCD3D_SM5
[2021.02.24-04.04.08:818][  0]LogSlate: Using FreeType 2.6.0
[2021.02.24-04.04.08:818][  0]LogSlate: SlateFontServices - WITH_FREETYPE: 1, WITH_HARFBUZZ: 1
[2021.02.24-04.04.08:877][  0]LogShaderLibrary: Display: Failed to load Shared Shader Library: FactoryGame and no native library supported.
[2021.02.24-04.04.08:877][  0]LogShaderLibrary: Display: Failed to load Shared Shader Library: FactoryGame_SC and no native library supported.
[2021.02.24-04.04.08:877][  0]LogRHI: Display: Opened pipeline cache after state change and enqueued 0 of 0 tasks for precompile.
[2021.02.24-04.04.08:877][  0]LogShaderLibrary: Display: Failed to load Shared Shader Library: FactoryGame and no native library supported.
[2021.02.24-04.04.08:877][  0]LogShaderLibrary: Display: Failed to load Shared Shader Library: FactoryGame_SC and no native library supported.
[2021.02.24-04.04.08:877][  0]LogRHI: Display: Opened pipeline cache after state change and enqueued 0 of 0 tasks for precompile.
[2021.02.24-04.04.08:877][  0]LogRHI: Display: Failed to open default shader pipeline cache for FactoryGame using shader platform 0.
[2021.02.24-04.04.08:877][  0]LogRHI: Display: Failed to open default shader pipeline cache for FactoryGame using shader platform 0.
[2021.02.24-04.04.08:877][  0]LogInit: Overriding language with engine culture configuration option (en-US-Posix).
[2021.02.24-04.04.08:877][  0]LogInit: Overriding locale with engine culture configuration option (en-US-Posix).
[2021.02.24-04.04.08:888][  0]LogTextLocalizationResource: LocRes '../../../FactoryGame/Content/Localization/Game/en/Game.locres' could not be opened for reading!
[2021.02.24-04.04.08:891][  0]LogTextLocalizationManager: Compacting localization data took   0.53ms
[2021.02.24-04.04.08:945][  0]LogAssetRegistry: FAssetRegistry took 0.0533 seconds to start up
[2021.02.24-04.04.08:950][  0]LogEnum: Warning: EnumRedirect for enum ECachedNatType maps 'ECachedNATType::CNT_MAX' to invalid value 'ECachedNatType::CNT_MAX'!
[2021.02.24-04.04.09:056][  0]LogStreaming: Display: Flushing async loaders.
[2021.02.24-04.04.09:056][  0]LogPackageLocalizationCache: Processed 16 localized package path(s) for 2 prioritized culture(s) in 0.000082 seconds
[2021.02.24-04.04.09:056][  0]LogPakFile: New pak file ../../../FactoryGame/Content/Paks/FactoryGame-WindowsNoEditor.pak added to pak precacher.
[2021.02.24-04.04.09:062][  0]LogInit: Selected Device Profile: [WindowsNoEditor]
[2021.02.24-04.04.09:072][  0]LogNetVersion: FactoryGame 1.0.0, NetCL: 5660361, EngineNetVer: 10, GameNetVer: 0 (Checksum: 3761731716)
[2021.02.24-04.04.09:720][  0]LogAkAudio: Wwise(R) SDK Version 2018.1.1 Build 6727. Copyright (c) 2006-2018 Audiokinetic Inc.
[2021.02.24-04.04.09:721][  0]LogInit: Audiokinetic Audio Device setting bank directory to ../../../FactoryGame/Content/WwiseAudio/Windows/.
[2021.02.24-04.04.09:805][  0]LogInit: Audiokinetic Audio Device initialized.
[2021.02.24-04.04.11:921][  0]LogMoviePlayer: Initializing movie player
[2021.02.24-04.04.12:702][  0]GameAnalyticsModule: Display: GameAnalyticsModule has started!
[2021.02.24-04.04.12:702][  0]LogStreaming: Warning: Failed to read file 'C:/Users/r2bry/AppData/Local/FactoryGame/Saved/SaveGames/GameAnalytics.sav' error.
[2021.02.24-04.04.12:718][  0]LogUObjectArray: 158833 objects as part of root set at end of initial load.
[2021.02.24-04.04.12:718][  0]LogUObjectArray: 2 objects are not in the root set, but can never be destroyed because they are in the DisregardForGC set.
[2021.02.24-04.04.12:719][  0]LogUObjectAllocator: 33459496 out of 0 bytes used by permanent object pool.
[2021.02.24-04.04.12:719][  0]LogUObjectArray: CloseDisregardForGC: 158833/158833 objects in disregard for GC pool
[2021.02.24-04.04.12:796][  0]LogEngine: Initializing Engine...
[2021.02.24-04.04.12:808][  0]LogStats: UGameplayTagsManager::InitializeManager -  0.001 s
[2021.02.24-04.04.12:876][  0]LogInit: Initializing FReadOnlyCVARCache
[2021.02.24-04.04.12:880][  0]LogAudioDebug: Display: Lib vorbis DLL was dynamically loaded.
[2021.02.24-04.04.12:923][  0]LogInit: XAudio2 using 'Headphones (TX-Hifi Type_C Audio)' : 2 channels at 48 kHz using 24 bits per sample (channel mask 0x3)
[2021.02.24-04.04.12:953][  0]LogInit: FAudioDevice initialized.
[2021.02.24-04.04.12:965][  0]LogNetVersion: Set ProjectVersion to 0.0.1.0. Version Checksum will be recalculated on next use.
[2021.02.24-04.04.12:965][  0]LogInit: Texture streaming: Enabled
[2021.02.24-04.04.12:968][  0]LogSave: Display: Migrated 0 save files from old save directory [C:/Users/r2bry/AppData/Local/FactoryGame/Saved/SaveGames/] to new save directory [C:/Users/r2bry/AppData/Local/FactoryGame/Saved/SaveGames/76561198177188590/]
[2021.02.24-04.04.12:968][  0]LogSave: Display: Created 0 backups old save directory [C:/Users/r2bry/AppData/Local/FactoryGame/Saved/SaveGames/] to new save directory [C:/Users/r2bry/AppData/Local/FactoryGame/Saved/SaveGames/76561198177188590/]
[2021.02.24-04.04.12:969][  0]GameAnalyticsModule: Warning: Invalid EOS Metrics Handle
[2021.02.24-04.04.12:969][  0]GameAnalyticsModule: Warning: AnalyticsService is initialized for Epic Online Services Metris
[2021.02.24-04.04.12:969][  0]LogGame: Enable tab and nav keys: flase
[2021.02.24-04.04.12:969][  0]LogSlate: Updating window title bar state: overlay mode, drag disabled, window buttons hidden, title bar hidden
[2021.02.24-04.04.12:970][  0]LogInit: Display: Game Engine Initialized.
[2021.02.24-04.04.12:970][  0]LogNetVersion: Set ProjectVersion to ++FactoryGame+rel-main-0.3.7-xmas-CL-140083. Version Checksum will be recalculated on next use.
[2021.02.24-04.04.12:971][  0]LogInit: OnPostEngineInit has been broadcasted successfully.
[2021.02.24-04.04.12:971][  0]LogInit: Display: Starting Game.
[2021.02.24-04.04.12:971][  0]LogNet: Browse: /Game/FactoryGame/Map/MenuScenes/MenuScene_02?Name=Player
[2021.02.24-04.04.12:986][  0]LogLoad: LoadMap: /Game/FactoryGame/Map/MenuScenes/MenuScene_02?Name=Player
[2021.02.24-04.04.13:014][  0]LogUObjectHash: Compacting FUObjectHashTables data took   6.02ms
[2021.02.24-04.04.13:182][  0]LogAIModule: Creating AISystem for world MenuScene_02
[2021.02.24-04.04.13:231][  0]LogLoad: Game class is 'BP_GameModeMenu_C'
[2021.02.24-04.04.13:236][  0]LogWorld: Bringing World /Game/FactoryGame/Map/MenuScenes/MenuScene_02.MenuScene_02 up for play (max tick rate 0) at 2021.02.23-23.04.13
[2021.02.24-04.04.13:241][  0]LogWorld: Bringing up level for play took: 0.006278
[2021.02.24-04.04.13:242][  0]LogGame: Warning: Player start 'PlayerStart_2' has no tag.
[2021.02.24-04.04.13:242][  0]LogGameMode: Display: Match State Changed from EnteringMap to WaitingToStart
[2021.02.24-04.04.13:242][  0]LogGameState: Match State Changed from EnteringMap to WaitingToStart
[2021.02.24-04.04.13:242][  0]LogGameMode: Display: Match State Changed from WaitingToStart to InProgress
[2021.02.24-04.04.13:291][  0]LogSlate: Took 0.000490 seconds to synchronously load lazily loaded font '../../../Engine/Content/Slate/Fonts/Roboto-Regular.ttf' (155K)
[2021.02.24-04.04.13:300][  0]LogConfig: Error: Unidentified category type
[2021.02.24-04.04.13:317][  0]LogOnline: Warning: OSS: EOSSDK-LogEOSAuth: No existing persistent auth credentials were found for automatic login.
[2021.02.24-04.04.13:318][  0]GameAnalyticsModule: Warning: AnalyticsService not initialized for Google Analytics
[2021.02.24-04.04.13:318][  0]GameAnalyticsModule: Display: Sent CCU heartbeat
[2021.02.24-04.04.13:318][  0]LogGameState: Match State Changed from WaitingToStart to InProgress
[2021.02.24-04.04.13:318][  0]LogLoad: Took 0.331962 seconds to LoadMap(/Game/FactoryGame/Map/MenuScenes/MenuScene_02)
[2021.02.24-04.04.13:346][  0]LogRawInputWindows: Warning: Found device 0 devices
[2021.02.24-04.04.13:346][  0]LogRawInputWindows: Warning: Found device 0 devices
[2021.02.24-04.04.13:346][  0]LogRawInputWindows: Warning: Device was registered succesfully but not connected (Usage:4 UsagePage:1)
[2021.02.24-04.04.13:347][  0]LogRawInputWindows: Warning: Found device 1 devices
[2021.02.24-04.04.13:347][  0]LogRawInputWindows: Warning: Device was registered succesfully but not connected (Usage:5 UsagePage:1)
[2021.02.24-04.04.18:386][  0]LogLoad: (Engine Initialization) Total time: 11.07 seconds
[2021.02.24-04.04.18:387][  0]LogContentStreaming: Texture pool size now 2100 MB
[2021.02.24-04.04.18:391][  1]LogOnlineIdentity: Warning: OSS: EOS-OSS: Unable to AutoLogin user (0) due to missing auth command line args
[2021.02.24-04.04.18:391][  1]LogOnlineIdentity: Warning: OSS: EOS-OSS: Login(0) failed with EOS result code (EOS_InvalidAuth)
[2021.02.24-04.04.18:392][  1]LogOnline: OSS: BroadcastAccountConnectionStepResult: EEosAccountConnectionResult::Close
[2021.02.24-04.04.18:392][  1]LogOnlineIdentity: OSS: Starting account connection GUI
[2021.02.24-04.04.18:392][  1]LogOnlineIdentity: OSS: Attempting GetEncryptedAppTicket for Steam.
[2021.02.24-04.04.18:395][  1]LogSlate: Took 0.000433 seconds to synchronously load lazily loaded font '../../../FactoryGame/Content/FactoryGame/Interface/Font/OpenSans-Regular.ufont' (213K)
[2021.02.24-04.04.18:396][  1]LogSlate: Took 0.000307 seconds to synchronously load lazily loaded font '../../../FactoryGame/Content/FactoryGame/Interface/Font/OpenSans-SemiBold.ufont' (216K)
[2021.02.24-04.04.18:401][  1]LogSlate: Took 0.000515 seconds to synchronously load lazily loaded font '../../../FactoryGame/Content/FactoryGame/Interface/Font/OpenSans-Bold.ufont' (220K)
[2021.02.24-04.04.18:402][  1]LogStreaming: Display: Suspending async loading (1)
[2021.02.24-04.04.18:451][  1]LogStreaming: Display: Resuming async loading (0)
[2021.02.24-04.04.18:472][  2]LogRenderer: Reallocating scene render targets to support 1920x1080 Format 10 NumSamples 1 (Frame:1).
[2021.02.24-04.04.18:475][  3]LogStaticMesh: Allocated 512x304x64 distance field atlas = 9.5Mb, with 157 objects containing 5.5Mb backing data
[2021.02.24-04.04.18:571][  3]LogOnlineIdentity: STEAM: Got Steam Login Token with length 126
[2021.02.24-04.04.18:571][  3]LogOnlineIdentity: OSS: Got Steam Login Token result: True
[2021.02.24-04.04.18:571][  3]LogOnlineIdentity: OSS: Calling EOS_Connect_Login
[2021.02.24-04.04.18:852][ 35]LogOnline: Warning: OSS: EOSSDK-LogEOSEcom: Purchase flow is disabled due to overlay setup failure (EOS_NotConfigured).
[2021.02.24-04.04.19:171][ 89]LogOnlineIdentity: OSS: Got reply from EOS_Connect_Login
[2021.02.24-04.04.19:171][ 89]LogOnlineIdentity: OSS: EEosAccountConnectionResult::Success
[2021.02.24-04.04.19:171][ 89]LogOnlineIdentity: OSS: Update account connection GUI with event
[2021.02.24-04.04.19:172][ 89]LogOnlineIdentity: OSS: Adding notify on auth time out for user: 0
[2021.02.24-04.04.19:172][ 89]LogOnlineIdentity: OSS: Adding notify on auth time out for user: 0
[2021.02.24-04.04.19:172][ 89]LogOnline: OSS: BroadcastAccountConnectionStepResult: EEosAccountConnectionResult::Success
[2021.02.24-04.04.34:037][471]LogSlate: FSceneViewport::OnFocusLost() reason 0
[2021.02.24-04.04.36:291][832]LogSlate: FSceneViewport::OnFocusLost() reason 2
[2021.02.24-04.04.37:433][ 14]Closing by request
[2021.02.24-04.04.37:433][ 14]LogWindows: FPlatformMisc::RequestExit(0)
[2021.02.24-04.04.37:450][ 15]LogGame: Enable tab and nav keys: ture
[2021.02.24-04.04.37:811][ 15]LogStreaming: Display: Suspending async loading (1)
[2021.02.24-04.04.37:816][ 15]LogStreaming: Display: Resuming async loading (0)
[2021.02.24-04.04.37:818][ 15]LogSlate: Request Window 'Satisfactory  ' being destroyed
[2021.02.24-04.04.37:818][ 15]LogStreaming: Display: Suspending async loading (1)
[2021.02.24-04.04.37:879][ 15]LogStreaming: Display: Resuming async loading (0)
[2021.02.24-04.04.37:881][ 15]LogSlate: Window 'Satisfactory  ' being destroyed
[2021.02.24-04.04.37:883][ 15]LogWindowsTextInputMethodSystem: Display: IME system now deactivated.
[2021.02.24-04.04.37:889][ 15]LogWindowsTextInputMethodSystem: Display: IME system now deactivated.
[2021.02.24-04.04.37:897][ 15]LogExit: Preparing to exit.
[2021.02.24-04.04.37:897][ 15]LogMoviePlayer: Shutting down movie player
[2021.02.24-04.04.37:906][ 15]LogOnline: Error: OSS: Leaderboards Interface Requested
[2021.02.24-04.04.37:906][ 15]LogOnline: Error: OSS: Leaderboards Interface Requested
[2021.02.24-04.04.37:986][ 15]LogSlate: Updating window title bar state: overlay mode, drag disabled, window buttons hidden, title bar hidden
[2021.02.24-04.04.38:014][ 15]LogExit: Game engine shut down
[2021.02.24-04.04.38:131][ 15]LogExit: Object subsystem successfully closed.
[2021.02.24-04.04.38:145][ 15]LogD3D11RHI: Shutdown
[2021.02.24-04.04.38:145][ 15]LogD3D11RHI: CleanupD3DDevice
[2021.02.24-04.04.38:145][ 15]LogRendererCore: FGlobalReadBuffer::ReleaseRHI
[2021.02.24-04.04.38:145][ 15]LogRendererCore: FGlobalDynamicReadBuffer::Cleanup()
[2021.02.24-04.04.38:145][ 15]LogRendererCore: FGlobalReadBuffer::ReleaseRHI
[2021.02.24-04.04.38:145][ 15]LogRendererCore: FGlobalDynamicReadBuffer::Cleanup()
[2021.02.24-04.04.38:145][ 15]LogRendererCore: FGlobalReadBuffer::ReleaseRHI
[2021.02.24-04.04.38:145][ 15]LogRendererCore: FGlobalDynamicReadBuffer::Cleanup()
[2021.02.24-04.04.38:511][ 15]LogD3D11RHI: ~FD3D11DynamicRHI
[2021.02.24-04.04.38:512][ 15]LogModuleManager: Shutting down and abandoning module AIModule (206)
[2021.02.24-04.04.38:512][ 15]LogModuleManager: Shutting down and abandoning module NavigationSystem (205)
[2021.02.24-04.04.38:512][ 15]LogModuleManager: Shutting down and abandoning module WebMMediaFactory (202)
[2021.02.24-04.04.38:512][ 15]LogModuleManager: Shutting down and abandoning module WebMMedia (200)
[2021.02.24-04.04.38:512][ 15]LogModuleManager: Shutting down and abandoning module WmfMediaFactory (198)
[2021.02.24-04.04.38:512][ 15]LogModuleManager: Shutting down and abandoning module OpenExrWrapper (196)
[2021.02.24-04.04.38:512][ 15]LogModuleManager: Shutting down and abandoning module ImgMediaFactory (194)
[2021.02.24-04.04.38:512][ 15]LogModuleManager: Shutting down and abandoning module CharacterAI (192)
[2021.02.24-04.04.38:512][ 15]LogModuleManager: Shutting down and abandoning module SessionServices (190)
[2021.02.24-04.04.38:512][ 15]LogModuleManager: Shutting down and abandoning module LevelSequence (188)
[2021.02.24-04.04.38:512][ 15]LogModuleManager: Shutting down and abandoning module MovieSceneTracks (186)
[2021.02.24-04.04.38:512][ 15]LogModuleManager: Shutting down and abandoning module MovieScene (184)
[2021.02.24-04.04.38:512][ 15]LogModuleManager: Shutting down and abandoning module StreamingPauseRendering (182)
[2021.02.24-04.04.38:512][ 15]LogModuleManager: Shutting down and abandoning module ImageWriteQueue (180)
[2021.02.24-04.04.38:513][ 15]LogModuleManager: Shutting down and abandoning module ProceduralMeshComponent (178)
[2021.02.24-04.04.38:513][ 15]LogModuleManager: Shutting down and abandoning module EditableMesh (176)
[2021.02.24-04.04.38:513][ 15]LogModuleManager: Shutting down and abandoning module CustomMeshComponent (174)
[2021.02.24-04.04.38:513][ 15]LogModuleManager: Shutting down and abandoning module CableComponent (172)
[2021.02.24-04.04.38:513][ 15]LogModuleManager: Shutting down and abandoning module AudioCapture (170)
[2021.02.24-04.04.38:513][ 15]LogModuleManager: Shutting down and abandoning module MediaCompositing (166)
[2021.02.24-04.04.38:513][ 15]LogModuleManager: Shutting down and abandoning module LinearTimecode (164)
[2021.02.24-04.04.38:513][ 15]LogModuleManager: Shutting down and abandoning module ImgMedia (162)
[2021.02.24-04.04.38:513][ 15]LogModuleManager: Shutting down and abandoning module BackChannel (160)
[2021.02.24-04.04.38:513][ 15]LogModuleManager: Shutting down and abandoning module AppleVision (158)
[2021.02.24-04.04.38:513][ 15]LogModuleManager: Shutting down and abandoning module AppleImageUtils (156)
[2021.02.24-04.04.38:513][ 15]LogModuleManager: Shutting down and abandoning module GeometryCacheTracks (154)
[2021.02.24-04.04.38:513][ 15]LogModuleManager: Shutting down and abandoning module GeometryCache (152)
[2021.02.24-04.04.38:513][ 15]LogModuleManager: Shutting down and abandoning module VariantManagerContent (150)
[2021.02.24-04.04.38:513][ 15]LogModuleManager: Shutting down and abandoning module RawInput (148)
[2021.02.24-04.04.38:513][ 15]LogSlate: Slate User Destroyed.  User Index 0, Is Virtual User: 0
[2021.02.24-04.04.38:513][ 15]LogModuleManager: Shutting down and abandoning module SteamController (146)
[2021.02.24-04.04.38:513][ 15]LogModuleManager: Shutting down and abandoning module MediaIOCore (144)
[2021.02.24-04.04.38:513][ 15]LogModuleManager: Shutting down and abandoning module Composure (142)
[2021.02.24-04.04.38:513][ 15]LogModuleManager: Shutting down and abandoning module LoginFlow (140)
[2021.02.24-04.04.38:513][ 15]LogModuleManager: Shutting down and abandoning module PlayTimeLimit (138)
[2021.02.24-04.04.38:513][ 15]LogModuleManager: Shutting down and abandoning module Rejoin (136)
[2021.02.24-04.04.38:513][ 15]LogModuleManager: Shutting down and abandoning module Hotfix (134)
[2021.02.24-04.04.38:513][ 15]LogModuleManager: Shutting down and abandoning module Lobby (132)
[2021.02.24-04.04.38:513][ 15]LogModuleManager: Shutting down and abandoning module Party (130)
[2021.02.24-04.04.38:513][ 15]LogModuleManager: Shutting down and abandoning module Qos (128)
[2021.02.24-04.04.38:513][ 15]LogModuleManager: Shutting down and abandoning module GameAnalyticsModule (126)
[2021.02.24-04.04.38:513][ 15]GameAnalyticsModule: Display: GameAnalyticsModule has shut down
[2021.02.24-04.04.38:513][ 15]LogModuleManager: Shutting down and abandoning module FactoryGame (124)
[2021.02.24-04.04.38:513][ 15]LogModuleManager: Shutting down and abandoning module CoffeeCore (123)
[2021.02.24-04.04.38:513][ 15]LogModuleManager: Shutting down and abandoning module RuntimePhysXCooking (120)
[2021.02.24-04.04.38:513][ 15]LogModuleManager: Shutting down and abandoning module PhysXVehicles (118)
[2021.02.24-04.04.38:513][ 15]LogModuleManager: Shutting down and abandoning module ActorSequence (116)
[2021.02.24-04.04.38:513][ 15]LogModuleManager: Shutting down and abandoning module UdpMessaging (114)
[2021.02.24-04.04.38:513][ 15]LogModuleManager: Shutting down and abandoning module TcpMessaging (112)
[2021.02.24-04.04.38:513][ 15]LogModuleManager: Shutting down and abandoning module FacialAnimation (110)
[2021.02.24-04.04.38:513][ 15]LogModuleManager: Shutting down and abandoning module AnimationSharing (108)
[2021.02.24-04.04.38:513][ 15]LogModuleManager: Shutting down and abandoning module LightPropagationVolumeRuntime (106)
[2021.02.24-04.04.38:513][ 15]LogModuleManager: Shutting down and abandoning module AISupportModule (104)
[2021.02.24-04.04.38:513][ 15]LogModuleManager: Shutting down and abandoning module Paper2D (102)
[2021.02.24-04.04.38:513][ 15]LogModuleManager: Shutting down and abandoning module SignificanceManager (100)
[2021.02.24-04.04.38:513][ 15]LogModuleManager: Shutting down and abandoning module ApexDestruction (98)
[2021.02.24-04.04.38:513][ 15]LogModuleManager: Shutting down and abandoning module ReplicationGraph (96)
[2021.02.24-04.04.38:513][ 15]LogModuleManager: Shutting down and abandoning module WindowsMoviePlayer (94)
[2021.02.24-04.04.38:513][ 15]LogModuleManager: Shutting down and abandoning module WebMMoviePlayer (92)
[2021.02.24-04.04.38:513][ 15]LogModuleManager: Shutting down and abandoning module PacketHandler (90)
[2021.02.24-04.04.38:513][ 15]LogModuleManager: Shutting down and abandoning module ClothingSystemRuntime (88)
[2021.02.24-04.04.38:514][ 15]LogModuleManager: Shutting down and abandoning module MediaAssets (86)
[2021.02.24-04.04.38:514][ 15]LogModuleManager: Shutting down and abandoning module Overlay (84)
[2021.02.24-04.04.38:514][ 15]LogModuleManager: Shutting down and abandoning module UMG (82)
[2021.02.24-04.04.38:514][ 15]LogModuleManager: Shutting down and abandoning module Slate (80)
[2021.02.24-04.04.38:514][ 15]LogModuleManager: Shutting down and abandoning module MRMesh (78)
[2021.02.24-04.04.38:514][ 15]LogModuleManager: Shutting down and abandoning module Messaging (76)
[2021.02.24-04.04.38:514][ 15]LogModuleManager: Shutting down and abandoning module HeadMountedDisplay (74)
[2021.02.24-04.04.38:514][ 15]LogModuleManager: Shutting down and abandoning module XAudio2 (72)
[2021.02.24-04.04.38:514][ 15]LogModuleManager: Shutting down and abandoning module Networking (70)
[2021.02.24-04.04.38:514][ 15]LogModuleManager: Shutting down and abandoning module Core (68)
[2021.02.24-04.04.38:514][ 15]LogModuleManager: Shutting down and abandoning module AkAudio (66)
[2021.02.24-04.04.38:520][ 15]LogInit: Audiokinetic Audio Device terminated.
[2021.02.24-04.04.38:520][ 15]LogModuleManager: Shutting down and abandoning module ImageWrapper (62)
[2021.02.24-04.04.38:520][ 15]LogModuleManager: Shutting down and abandoning module InputCore (60)
[2021.02.24-04.04.38:520][ 15]LogModuleManager: Shutting down and abandoning module PhysXCooking (58)
[2021.02.24-04.04.38:520][ 15]LogModuleManager: Shutting down and abandoning module ExampleDeviceProfileSelector (56)
[2021.02.24-04.04.38:520][ 15]LogModuleManager: Shutting down and abandoning module LauncherChunkInstaller (54)
[2021.02.24-04.04.38:520][ 15]LogModuleManager: Shutting down and abandoning module WmfMedia (52)
[2021.02.24-04.04.38:520][ 15]LogModuleManager: Shutting down and abandoning module Media (51)
[2021.02.24-04.04.38:526][ 15]LogModuleManager: Shutting down and abandoning module DatasmithContent (48)
[2021.02.24-04.04.38:526][ 15]LogModuleManager: Shutting down and abandoning module WindowsDeviceProfileSelector (46)
[2021.02.24-04.04.38:526][ 15]LogModuleManager: Shutting down and abandoning module OpenColorIO (44)
[2021.02.24-04.04.38:526][ 15]LogModuleManager: Shutting down and abandoning module LensDistortion (42)
[2021.02.24-04.04.38:526][ 15]LogModuleManager: Shutting down and abandoning module OnlineSubsystem (38)
[2021.02.24-04.04.38:526][ 15]LogOnline: Display: STEAM: OnlineSubsystemSteam::Shutdown()
[2021.02.24-04.04.38:526][ 15]LogOnline: STEAM: AUTH: Revoking all tickets.
[2021.02.24-04.04.38:607][ 15]LogOnline: OSS: Destroying FUserManagerEOS at 0000014EC26FAB00
[2021.02.24-04.04.38:715][ 15]LogOnline: Display: STEAM: OnlineSubsystemSteam::Shutdown()
[2021.02.24-04.04.38:715][ 15]LogModuleManager: Shutting down and abandoning module HTTP (31)
[2021.02.24-04.04.38:743][ 15]LogModuleManager: Shutting down and abandoning module SSL (30)
[2021.02.24-04.04.38:743][ 15]LogModuleManager: Shutting down and abandoning module RenderCore (26)
[2021.02.24-04.04.38:743][ 15]LogModuleManager: Shutting down and abandoning module InstancedSplines (24)
[2021.02.24-04.04.38:743][ 15]LogModuleManager: Shutting down and abandoning module Landscape (22)
[2021.02.24-04.04.38:743][ 15]LogModuleManager: Shutting down and abandoning module SlateRHIRenderer (20)
[2021.02.24-04.04.38:744][ 15]LogModuleManager: Shutting down and abandoning module OpenGLDrv (18)
[2021.02.24-04.04.38:744][ 15]LogModuleManager: Shutting down and abandoning module D3D11RHI (16)
[2021.02.24-04.04.38:744][ 15]LogModuleManager: Shutting down and abandoning module AnimGraphRuntime (14)
[2021.02.24-04.04.38:744][ 15]LogModuleManager: Shutting down and abandoning module Renderer (12)
[2021.02.24-04.04.38:744][ 15]LogModuleManager: Shutting down and abandoning module Engine (10)
[2021.02.24-04.04.38:744][ 15]LogModuleManager: Shutting down and abandoning module CoreUObject (8)
[2021.02.24-04.04.38:744][ 15]LogModuleManager: Shutting down and abandoning module SandboxFile (6)
[2021.02.24-04.04.38:744][ 15]LogModuleManager: Shutting down and abandoning module PakFile (4)
[2021.02.24-04.04.38:747][ 15]LogModuleManager: Shutting down and abandoning module RSA (3)
[2021.02.24-04.04.38:749][ 15]LogExit: Exiting.
[2021.02.24-04.04.38:752][ 15]Log file closed, 02/23/21 23:04:38
